<?xml version="1.0" encoding="UTF-8"?>
<testng-results ignored="0" total="1" passed="1" failed="0" skipped="0">
  <reporter-output>
  </reporter-output>
  <suite started-at="2024-02-17T13:14:35 IST" name="Default suite" finished-at="2024-02-17T13:14:35 IST" duration-ms="141">
    <groups>
    </groups>
    <test started-at="2024-02-17T13:14:35 IST" name="Default test" finished-at="2024-02-17T13:14:35 IST" duration-ms="141">
      <class name="genericUtils.BaseClass">
        <test-method is-config="true" signature="bs()[pri:0, instance:genericUtils.BaseClass@6d4d66d2]" started-at="2024-02-17T13:14:35 IST" name="bs" finished-at="2024-02-17T13:14:35 IST" duration-ms="24" status="PASS">
          <reporter-output>
          </reporter-output>
        </test-method> <!-- bs -->
        <test-method is-config="true" signature="bc()[pri:0, instance:genericUtils.BaseClass@6d4d66d2]" started-at="2024-02-17T13:14:35 IST" name="bc" finished-at="2024-02-17T13:14:35 IST" duration-ms="1" status="PASS">
          <reporter-output>
          </reporter-output>
        </test-method> <!-- bc -->
        <test-method is-config="true" signature="bm()[pri:0, instance:genericUtils.BaseClass@6d4d66d2]" started-at="2024-02-17T13:14:35 IST" name="bm" finished-at="2024-02-17T13:14:35 IST" duration-ms="1" status="PASS">
          <reporter-output>
          </reporter-output>
        </test-method> <!-- bm -->
        <test-method signature="testCase1()[pri:0, instance:genericUtils.BaseClass@6d4d66d2]" started-at="2024-02-17T13:14:35 IST" name="testCase1" finished-at="2024-02-17T13:14:35 IST" duration-ms="12" status="PASS">
          <reporter-output>
          </reporter-output>
        </test-method> <!-- testCase1 -->
        <test-method is-config="true" signature="am()[pri:0, instance:genericUtils.BaseClass@6d4d66d2]" started-at="2024-02-17T13:14:35 IST" name="am" finished-at="2024-02-17T13:14:35 IST" duration-ms="6" status="PASS">
          <reporter-output>
          </reporter-output>
        </test-method> <!-- am -->
        <test-method is-config="true" signature="ac()[pri:0, instance:genericUtils.BaseClass@6d4d66d2]" started-at="2024-02-17T13:14:35 IST" name="ac" finished-at="2024-02-17T13:14:35 IST" duration-ms="3" status="PASS">
          <reporter-output>
          </reporter-output>
        </test-method> <!-- ac -->
        <test-method is-config="true" signature="as()[pri:0, instance:genericUtils.BaseClass@6d4d66d2]" started-at="2024-02-17T13:14:36 IST" name="as" finished-at="2024-02-17T13:14:36 IST" duration-ms="5" status="PASS">
          <reporter-output>
          </reporter-output>
        </test-method> <!-- as -->
      </class> <!-- genericUtils.BaseClass -->
    </test> <!-- Default test -->
  </suite> <!-- Default suite -->
</testng-results>
